Using pre-set license
Built from '2020.3/release' branch; Version is '2020.3.34f1 (9a4c9c70452b) revision 10112156'; Using compiler version '192528614'; Build Type 'Release'
OS: 'Windows 10  (10.0.19044) 64bit CoreSingleLanguage' Language: 'ru' Physical Memory: 15297 MB
BatchMode: 1, IsHumanControllingUs: 0, StartBugReporterOnCrash: 0, Is64bit: 1, IsPro: 0

COMMAND LINE ARGUMENTS:
D:\2020.3.34f1\Editor\Unity.exe
-adb2
-batchMode
-noUpm
-name
AssetImportWorker0
-projectPath
D:/Unity/Marshmello_new
-logFile
Logs/AssetImportWorker0.log
-srvPort
50216
Successfully changed project path to: D:/Unity/Marshmello_new
D:/Unity/Marshmello_new
Using Asset Import Pipeline V2.
Refreshing native plugins compatible for Editor in 60.58 ms, found 2 plugins.
Preloading 0 native plugins for Editor in 0.00 ms.
Initialize engine version: 2020.3.34f1 (9a4c9c70452b)
[Subsystems] Discovering subsystems at path D:/2020.3.34f1/Editor/Data/Resources/UnitySubsystems
[Subsystems] Discovering subsystems at path D:/Unity/Marshmello_new/Assets
GfxDevice: creating device client; threaded=0
Direct3D:
    Version:  Direct3D 11.0 [level 11.1]
    Renderer: AMD Radeon(TM) Vega 8 Graphics (ID=0x15d8)
    Vendor:   
    VRAM:     7648 MB
    Driver:   30.0.15002.1004
Initialize mono
Mono path[0] = 'D:/2020.3.34f1/Editor/Data/Managed'
Mono path[1] = 'D:/2020.3.34f1/Editor/Data/MonoBleedingEdge/lib/mono/unityjit'
Mono config path = 'D:/2020.3.34f1/Editor/Data/MonoBleedingEdge/etc'
Using monoOptions --debugger-agent=transport=dt_socket,embedding=1,server=y,suspend=n,address=127.0.0.1:56864
Begin MonoManager ReloadAssembly
Registering precompiled unity dll's ...
Register platform support module: D:/2020.3.34f1/Editor/Data/PlaybackEngines/WindowsStandaloneSupport/UnityEditor.WindowsStandalone.Extensions.dll
Registered in 0.003375 seconds.
Native extension for WindowsStandalone target not found
Refreshing native plugins compatible for Editor in 57.42 ms, found 2 plugins.
Preloading 0 native plugins for Editor in 0.00 ms.
Mono: successfully reloaded assembly
- Completed reload, in  1.397 seconds
Domain Reload Profiling:
	ReloadAssembly (1398ms)
		BeginReloadAssembly (130ms)
			ExecutionOrderSort (0ms)
			DisableScriptedObjects (0ms)
			BackupInstance (0ms)
			ReleaseScriptingObjects (0ms)
			CreateAndSetChildDomain (2ms)
		EndReloadAssembly (1125ms)
			LoadAssemblies (128ms)
			RebuildTransferFunctionScriptingTraits (0ms)
			SetupTypeCache (503ms)
			ReleaseScriptCaches (0ms)
			RebuildScriptCaches (56ms)
			SetupLoadedEditorAssemblies (294ms)
				LogAssemblyErrors (0ms)
				InitializePlatformSupportModulesInManaged (7ms)
				SetLoadedEditorAssemblies (0ms)
				RefreshPlugins (58ms)
				BeforeProcessingInitializeOnLoad (12ms)
				ProcessInitializeOnLoadAttributes (166ms)
				ProcessInitializeOnLoadMethodAttributes (51ms)
				AfterProcessingInitializeOnLoad (0ms)
				EditorAssembliesLoaded (1ms)
			ExecutionOrderSort2 (0ms)
			AwakeInstancesAfterBackupRestoration (0ms)
Platform modules already initialized, skipping
Registering precompiled user dll's ...
Registered in 0.005636 seconds.
Begin MonoManager ReloadAssembly
Native extension for WindowsStandalone target not found
Refreshing native plugins compatible for Editor in 0.74 ms, found 2 plugins.
Preloading 0 native plugins for Editor in 0.00 ms.
Mono: successfully reloaded assembly
- Completed reload, in  2.424 seconds
Domain Reload Profiling:
	ReloadAssembly (2426ms)
		BeginReloadAssembly (207ms)
			ExecutionOrderSort (0ms)
			DisableScriptedObjects (6ms)
			BackupInstance (0ms)
			ReleaseScriptingObjects (0ms)
			CreateAndSetChildDomain (27ms)
		EndReloadAssembly (2111ms)
			LoadAssemblies (125ms)
			RebuildTransferFunctionScriptingTraits (0ms)
			SetupTypeCache (731ms)
			ReleaseScriptCaches (1ms)
			RebuildScriptCaches (89ms)
			SetupLoadedEditorAssemblies (876ms)
				LogAssemblyErrors (0ms)
				InitializePlatformSupportModulesInManaged (15ms)
				SetLoadedEditorAssemblies (2ms)
				RefreshPlugins (1ms)
				BeforeProcessingInitializeOnLoad (168ms)
				ProcessInitializeOnLoadAttributes (652ms)
				ProcessInitializeOnLoadMethodAttributes (33ms)
				AfterProcessingInitializeOnLoad (5ms)
				EditorAssembliesLoaded (0ms)
			ExecutionOrderSort2 (0ms)
			AwakeInstancesAfterBackupRestoration (5ms)
Platform modules already initialized, skipping
========================================================================
Worker process is ready to serve import requests
Launched and connected shader compiler UnityShaderCompiler.exe after 0.10 seconds
Refreshing native plugins compatible for Editor in 0.69 ms, found 2 plugins.
Preloading 0 native plugins for Editor in 0.00 ms.
Unloading 1527 Unused Serialized files (Serialized files now loaded: 0)
System memory in use before: 69.5 MB.
System memory in use after: 69.6 MB.

Unloading 16 unused Assets to reduce memory usage. Loaded Objects now: 1966.
Total: 3.578500 ms (FindLiveObjects: 0.214500 ms CreateObjectMapping: 0.052800 ms MarkObjects: 3.219200 ms  DeleteObjects: 0.090400 ms)

AssetImportParameters requested are different than current active one (requested -> active):
  custom:framework-win-MediaFoundation: 216162199b28c13a410421893ffa2e32 -> 
  custom:video-decoder-ogg-theora: a1e56fd34408186e4bbccfd4996cb3dc -> 
  custom:container-muxer-webm: aa71ff27fc2769a1b78a27578f13a17b -> 
  custom:container-demuxer-webm: 4f35f7cbe854078d1ac9338744f61a02 -> 
  custom:container-demuxer-ogg: 62fdf1f143b41e24485cea50d1cbac27 -> 
  custom:video-encoder-webm-vp8: eb34c28f22e8b96e1ab97ce403110664 -> 
  custom:video-codec-MediaFoundation-h265: 746d11721c4dcdbdad8f713fa42b33f4 -> 
  custom:video-decoder-webm-vp8: 9c59270c3fd7afecdb556c50c9e8de78 -> 
  custom:audio-decoder-ogg-vorbis: bf7c407c2cedff20999df2af8eb42d56 -> 
  custom:audio-encoder-webm-vorbis: bf7c407c2cedff20999df2af8eb42d56 -> 
========================================================================
Received Import Request.
  path: Assets/cups
  artifactKey: Guid(8a2402d5ce4ead44aae740094f877de9) Importer(815301076,1909f56bfc062723c751e8b465ee728b)
Start importing Assets/cups using Guid(8a2402d5ce4ead44aae740094f877de9) Importer(815301076,1909f56bfc062723c751e8b465ee728b)  -> (artifact id: '5f2b561622e42ef42024e513da1f52ab') in 0.016944 seconds 
========================================================================
Received Import Request.
  Time since last request: 9.150515 seconds.
  path: Assets/cups/cup.fbx
  artifactKey: Guid(6cf0ce0e079aa984688a2d639a4b30d7) Importer(815301076,1909f56bfc062723c751e8b465ee728b)
Start importing Assets/cups/cup.fbx using Guid(6cf0ce0e079aa984688a2d639a4b30d7) Importer(815301076,1909f56bfc062723c751e8b465ee728b)  -> (artifact id: '4885f62bd109efbb82fac0bd7b78869b') in 0.447971 seconds 
========================================================================
Received Import Request.
  Time since last request: 27.852304 seconds.
  path: Assets/cups/cup1.png
  artifactKey: Guid(1ca50bacb88e9c24eab72a5d2a11a83e) Importer(815301076,1909f56bfc062723c751e8b465ee728b)
Start importing Assets/cups/cup1.png using Guid(1ca50bacb88e9c24eab72a5d2a11a83e) Importer(815301076,1909f56bfc062723c751e8b465ee728b)  -> (artifact id: 'f09fdc211e62dd9d60d2157388211d5f') in 0.078732 seconds 
========================================================================
Received Import Request.
  Time since last request: 11.770101 seconds.
  path: Assets/cups/cup.mat
  artifactKey: Guid(f0c8c4bd98194214988c266cdf2a1e2e) Importer(815301076,1909f56bfc062723c751e8b465ee728b)
Start importing Assets/cups/cup.mat using Guid(f0c8c4bd98194214988c266cdf2a1e2e) Importer(815301076,1909f56bfc062723c751e8b465ee728b)  -> (artifact id: 'ac763a8f1b9067058d527c35c18026da') in 0.039414 seconds 
========================================================================
Received Import Request.
  Time since last request: 30.502015 seconds.
  path: Assets/cups/bake_ao.psd
  artifactKey: Guid(0bde4993f04f52545b379823e9689ad6) Importer(815301076,1909f56bfc062723c751e8b465ee728b)
Start importing Assets/cups/bake_ao.psd using Guid(0bde4993f04f52545b379823e9689ad6) Importer(815301076,1909f56bfc062723c751e8b465ee728b)  -> (artifact id: 'd81b25914e0c5266af941ce8ac2814ed') in 0.026259 seconds 
========================================================================
Received Import Request.
  Time since last request: 0.000332 seconds.
  path: Assets/cups/bake_normal.psd
  artifactKey: Guid(5aca6cfe14dcfd04aa765f933d807877) Importer(815301076,1909f56bfc062723c751e8b465ee728b)
Start importing Assets/cups/bake_normal.psd using Guid(5aca6cfe14dcfd04aa765f933d807877) Importer(815301076,1909f56bfc062723c751e8b465ee728b)  -> (artifact id: '0b550bf83c1e8bce58b097767538cf34') in 0.023472 seconds 
========================================================================
Received Import Request.
  Time since last request: 80.901061 seconds.
  path: Assets/cups/1
  artifactKey: Guid(04b86557c2b28884dbc3df114e83043d) Importer(815301076,1909f56bfc062723c751e8b465ee728b)
Start importing Assets/cups/1 using Guid(04b86557c2b28884dbc3df114e83043d) Importer(815301076,1909f56bfc062723c751e8b465ee728b)  -> (artifact id: '7197757bcca543c014a3fb334852ec59') in 0.017174 seconds 
========================================================================
Received Import Request.
  Time since last request: 12.090963 seconds.
  path: Assets/cups/2
  artifactKey: Guid(29d7554ee2e3df946a772b26fa8dfd23) Importer(815301076,1909f56bfc062723c751e8b465ee728b)
Start importing Assets/cups/2 using Guid(29d7554ee2e3df946a772b26fa8dfd23) Importer(815301076,1909f56bfc062723c751e8b465ee728b)  -> (artifact id: 'eae0f54ff600d20d254effe8fdea34b5') in 0.013816 seconds 
========================================================================
Received Import Request.
  Time since last request: 48.066013 seconds.
  path: Assets/cups/2/bake_ao.psd
  artifactKey: Guid(1a37b8bd5836a7c448896d65a0219dcc) Importer(815301076,1909f56bfc062723c751e8b465ee728b)
Start importing Assets/cups/2/bake_ao.psd using Guid(1a37b8bd5836a7c448896d65a0219dcc) Importer(815301076,1909f56bfc062723c751e8b465ee728b)  -> (artifact id: 'f2146f21ec01581656262127c2c082b4') in 0.032137 seconds 
========================================================================
Received Import Request.
  Time since last request: 0.000274 seconds.
  path: Assets/cups/2/bake_normal.psd
  artifactKey: Guid(52d7cce720bd6b541b5f00de316c8ad9) Importer(815301076,1909f56bfc062723c751e8b465ee728b)
Start importing Assets/cups/2/bake_normal.psd using Guid(52d7cce720bd6b541b5f00de316c8ad9) Importer(815301076,1909f56bfc062723c751e8b465ee728b)  -> (artifact id: '6cb2af862bc4eefff0f938db40fb6f08') in 0.011609 seconds 
========================================================================
Received Import Request.
  Time since last request: 11.248456 seconds.
  path: Assets/cups/3
  artifactKey: Guid(3b6d73d933bed4941a074c97518cac3d) Importer(815301076,1909f56bfc062723c751e8b465ee728b)
Start importing Assets/cups/3 using Guid(3b6d73d933bed4941a074c97518cac3d) Importer(815301076,1909f56bfc062723c751e8b465ee728b)  -> (artifact id: '400350a4391e4d6612a23c65bd223fb4') in 0.015543 seconds 
========================================================================
Received Import Request.
  Time since last request: 6.188496 seconds.
  path: Assets/cups/4
  artifactKey: Guid(a535f785e6ff6bd49a7f725e1edfb63c) Importer(815301076,1909f56bfc062723c751e8b465ee728b)
Start importing Assets/cups/4 using Guid(a535f785e6ff6bd49a7f725e1edfb63c) Importer(815301076,1909f56bfc062723c751e8b465ee728b)  -> (artifact id: '2b2d3824bc8e8e6038031ce93d48c01a') in 0.011919 seconds 
========================================================================
Received Import Request.
  Time since last request: 21.230200 seconds.
  path: Assets/cups/5
  artifactKey: Guid(7eac46a8d359be54e8bb3989a9042b98) Importer(815301076,1909f56bfc062723c751e8b465ee728b)
Start importing Assets/cups/5 using Guid(7eac46a8d359be54e8bb3989a9042b98) Importer(815301076,1909f56bfc062723c751e8b465ee728b)  -> (artifact id: '5ebc05e723c3e832d96656aa98db19de') in 0.016800 seconds 
========================================================================
Received Import Request.
  Time since last request: 7.237419 seconds.
  path: Assets/cups/3/bake_ao.psd
  artifactKey: Guid(b8c9ad7f1d2720b44bbd3d1c587e3001) Importer(815301076,1909f56bfc062723c751e8b465ee728b)
Start importing Assets/cups/3/bake_ao.psd using Guid(b8c9ad7f1d2720b44bbd3d1c587e3001) Importer(815301076,1909f56bfc062723c751e8b465ee728b)  -> (artifact id: 'c3afc1a00a4b0416d29e8ee16a52cddf') in 0.021041 seconds 
========================================================================
Received Import Request.
  Time since last request: 0.000428 seconds.
  path: Assets/cups/3/bake_normal.psd
  artifactKey: Guid(e7ce174a581c40f48bc993325e3e54f6) Importer(815301076,1909f56bfc062723c751e8b465ee728b)
Start importing Assets/cups/3/bake_normal.psd using Guid(e7ce174a581c40f48bc993325e3e54f6) Importer(815301076,1909f56bfc062723c751e8b465ee728b)  -> (artifact id: '9e1b700a3c51e5a04536db02d280f8ae') in 0.021217 seconds 
========================================================================
Received Import Request.
  Time since last request: 27.232327 seconds.
  path: Assets/cups/bake_ao.psd
  artifactKey: Guid(5f498050703b0b348b276662feb79a1a) Importer(815301076,1909f56bfc062723c751e8b465ee728b)
Start importing Assets/cups/bake_ao.psd using Guid(5f498050703b0b348b276662feb79a1a) Importer(815301076,1909f56bfc062723c751e8b465ee728b)  -> (artifact id: '1f4cde1daf7f4b93e222fa33bfbdcbed') in 0.031434 seconds 
========================================================================
Received Import Request.
  Time since last request: 0.000293 seconds.
  path: Assets/cups/bake_normal.psd
  artifactKey: Guid(5f3e6ec58485526408331f1a0a2b9bee) Importer(815301076,1909f56bfc062723c751e8b465ee728b)
Start importing Assets/cups/bake_normal.psd using Guid(5f3e6ec58485526408331f1a0a2b9bee) Importer(815301076,1909f56bfc062723c751e8b465ee728b)  -> (artifact id: '85fd205856b60066683a6004234124a1') in 0.013699 seconds 
========================================================================
Received Import Request.
  Time since last request: 18.231136 seconds.
  path: Assets/cups/bake_normal.psd
  artifactKey: Guid(5f3e6ec58485526408331f1a0a2b9bee) Importer(815301076,1909f56bfc062723c751e8b465ee728b)
Start importing Assets/cups/bake_normal.psd using Guid(5f3e6ec58485526408331f1a0a2b9bee) Importer(815301076,1909f56bfc062723c751e8b465ee728b)  -> (artifact id: 'f9c713f5992dff2c643332aa80fc6137') in 0.029579 seconds 
========================================================================
Received Import Request.
  Time since last request: 40.833306 seconds.
  path: Assets/cups/1/cup2.png
  artifactKey: Guid(340ab1d97cb32fc408507569cda523f0) Importer(815301076,1909f56bfc062723c751e8b465ee728b)
Start importing Assets/cups/1/cup2.png using Guid(340ab1d97cb32fc408507569cda523f0) Importer(815301076,1909f56bfc062723c751e8b465ee728b)  -> (artifact id: 'de182a5e2246cfc74c120517d4f2a881') in 0.024506 seconds 
========================================================================
Received Import Request.
  Time since last request: 0.000358 seconds.
  path: Assets/cups/1/cup5.png
  artifactKey: Guid(03899865b2675324b91a5d8729b768c3) Importer(815301076,1909f56bfc062723c751e8b465ee728b)
Start importing Assets/cups/1/cup5.png using Guid(03899865b2675324b91a5d8729b768c3) Importer(815301076,1909f56bfc062723c751e8b465ee728b)  -> (artifact id: '3cb8e34426b0226ff7dbc3842633b052') in 0.019325 seconds 
========================================================================
Received Import Request.
  Time since last request: 0.000299 seconds.
  path: Assets/cups/1/cup3.png
  artifactKey: Guid(e366bafd15588d64ab4988446c2a1bc6) Importer(815301076,1909f56bfc062723c751e8b465ee728b)
Start importing Assets/cups/1/cup3.png using Guid(e366bafd15588d64ab4988446c2a1bc6) Importer(815301076,1909f56bfc062723c751e8b465ee728b)  -> (artifact id: 'b9110cae11e6a04b70a3cdaeae78c28c') in 0.023359 seconds 
========================================================================
Received Import Request.
  Time since last request: 0.000455 seconds.
  path: Assets/cups/1/cup4.png
  artifactKey: Guid(cd097ff45dca98c4eabe4272ccdf59e4) Importer(815301076,1909f56bfc062723c751e8b465ee728b)
Start importing Assets/cups/1/cup4.png using Guid(cd097ff45dca98c4eabe4272ccdf59e4) Importer(815301076,1909f56bfc062723c751e8b465ee728b)  -> (artifact id: 'a01d84598f25126876c9025970773b95') in 0.036620 seconds 
========================================================================
Received Import Request.
  Time since last request: 12.964893 seconds.
  path: Assets/cups/1/cup 1.mat
  artifactKey: Guid(16ada6d9177d7aa40b0c0e0f715e8e44) Importer(815301076,1909f56bfc062723c751e8b465ee728b)
Start importing Assets/cups/1/cup 1.mat using Guid(16ada6d9177d7aa40b0c0e0f715e8e44) Importer(815301076,1909f56bfc062723c751e8b465ee728b)  -> (artifact id: '560856069cd4f8a2a94e14aa73bb29bd') in 0.034007 seconds 
========================================================================
Received Import Request.
  Time since last request: 27.851201 seconds.
  path: Assets/cups/1/cup 2.mat
  artifactKey: Guid(2a628c9d54e6b824eb72f47dfd4b4b76) Importer(815301076,1909f56bfc062723c751e8b465ee728b)
Start importing Assets/cups/1/cup 2.mat using Guid(2a628c9d54e6b824eb72f47dfd4b4b76) Importer(815301076,1909f56bfc062723c751e8b465ee728b)  -> (artifact id: '25f6f2c0e672cb1dba2abc073a3d20c6') in 0.031741 seconds 
========================================================================
Received Import Request.
  Time since last request: 32.702994 seconds.
  path: Assets/cups/1/cup 3.mat
  artifactKey: Guid(2d62fd3143866624eaca42034e2455b0) Importer(815301076,1909f56bfc062723c751e8b465ee728b)
Start importing Assets/cups/1/cup 3.mat using Guid(2d62fd3143866624eaca42034e2455b0) Importer(815301076,1909f56bfc062723c751e8b465ee728b)  -> (artifact id: '8577d98f51af8256486471647a7c72ad') in 0.026154 seconds 
========================================================================
Received Import Request.
  Time since last request: 3.693249 seconds.
  path: Assets/cups/1/cup 4.mat
  artifactKey: Guid(a9942bcf74d688c4081e0ea553b86fca) Importer(815301076,1909f56bfc062723c751e8b465ee728b)
Start importing Assets/cups/1/cup 4.mat using Guid(a9942bcf74d688c4081e0ea553b86fca) Importer(815301076,1909f56bfc062723c751e8b465ee728b)  -> (artifact id: '575ee3c73f416c227e38a33826c41ee9') in 0.030661 seconds 
========================================================================
Received Import Request.
  Time since last request: 238.088815 seconds.
  path: Assets/cups/1/materials
  artifactKey: Guid(d60f4fb86479dae4c8742c967b47ed25) Importer(815301076,1909f56bfc062723c751e8b465ee728b)
Start importing Assets/cups/1/materials using Guid(d60f4fb86479dae4c8742c967b47ed25) Importer(815301076,1909f56bfc062723c751e8b465ee728b)  -> (artifact id: 'cc5530de3d2b8daf7d56bd3d194ec8ec') in 0.013756 seconds 
========================================================================
Received Import Request.
  Time since last request: 20.532489 seconds.
  path: Assets/cups/1/textures
  artifactKey: Guid(c4cf75d3df6793e47bd2222cdea37e07) Importer(815301076,1909f56bfc062723c751e8b465ee728b)
Start importing Assets/cups/1/textures using Guid(c4cf75d3df6793e47bd2222cdea37e07) Importer(815301076,1909f56bfc062723c751e8b465ee728b)  -> (artifact id: 'c95c8ce81a65e7d335cc9dcffb2d9544') in 0.015725 seconds 
AssetImportWorkerClient::OnTransportError - code=2 error=End of file
